2026-05-30 12:57:50,442 - INFO - Home endpoint accessed
2026-05-30 12:57:52,568 - INFO - Home endpoint accessed
2026-05-30 12:57:53,709 - INFO - Home endpoint accessed
2026-05-30 12:57:54,497 - INFO - Home endpoint accessed
2026-05-30 12:57:55,455 - INFO - Home endpoint accessed
2026-05-30 12:57:56,181 - INFO - Home endpoint accessed
2026-05-30 12:57:56,867 - INFO - Home endpoint accessed
2026-05-30 12:57:57,548 - INFO - Home endpoint accessed
2026-05-30 12:57:58,176 - INFO - Home endpoint accessed
2026-05-30 12:57:59,381 - INFO - Home endpoint accessed
2026-05-30 12:57:59,845 - INFO - Home endpoint accessed
2026-05-30 12:58:00,277 - INFO - Home endpoint accessed
2026-05-30 12:58:00,748 - INFO - Home endpoint accessed
2026-05-30 12:58:01,131 - INFO - Home endpoint accessed
2026-05-30 12:58:01,327 - INFO - Home endpoint accessed
2026-05-30 12:58:01,529 - INFO - Home endpoint accessed
2026-05-30 12:58:01,754 - INFO - Home endpoint accessed
2026-05-30 12:58:01,976 - INFO - Home endpoint accessed
2026-05-30 12:58:02,191 - INFO - Home endpoint accessed
2026-05-30 12:58:02,634 - INFO - Home endpoint accessed
2026-05-30 12:58:02,840 - INFO - Home endpoint accessed
2026-05-30 12:58:03,037 - INFO - Home endpoint accessed
2026-05-30 12:58:03,253 - INFO - Home endpoint accessed
2026-05-30 12:58:03,484 - INFO - Home endpoint accessed
2026-05-30 12:58:04,191 - INFO - Home endpoint accessed
2026-05-30 12:58:17,222 - INFO - Home endpoint accessed
2026-05-30 12:58:32,639 - INFO - Health endpoint checked
2026-05-30 12:58:33,145 - INFO - Health endpoint checked
2026-05-30 12:58:33,613 - INFO - Health endpoint checked
2026-05-30 12:58:33,911 - INFO - Health endpoint checked
2026-05-30 13:00:41,412 - INFO - CPU spike warning
2026-05-30 13:05:17,573 - INFO - Container restart detected
2026-05-30 13:05:17,777 - INFO - CPU spike warning
2026-05-30 13:05:18,247 - INFO - Database latency detected
2026-05-30 13:05:18,458 - INFO - Application running normally
2026-05-30 13:05:19,146 - INFO - Container restart detected
2026-05-30 13:05:19,344 - INFO - CPU spike warning
2026-05-30 13:05:19,532 - INFO - Application running normally
2026-05-30 13:05:19,712 - INFO - CPU spike warning
2026-05-30 13:05:20,060 - INFO - High response time detected
2026-05-30 13:05:21,098 - INFO - Memory usage increased
2026-05-30 13:05:21,279 - INFO - CPU spike warning
2026-05-30 13:05:21,449 - INFO - Application running normally
2026-05-30 13:05:21,603 - INFO - Application running normally
2026-05-30 13:05:21,789 - INFO - High response time detected
2026-05-30 13:05:21,990 - INFO - Database latency detected
2026-05-30 13:05:22,182 - INFO - CPU spike warning
2026-05-30 13:05:22,411 - INFO - Application running normally
2026-05-30 13:15:46,249 - INFO - Memory usage increased
2026-05-30 13:15:46,854 - INFO - CPU spike warning
2026-05-30 13:15:47,541 - INFO - High response time detected
2026-05-30 13:15:49,165 - INFO - Application running normally
2026-05-30 13:15:50,034 - INFO - CPU spike warning
2026-05-30 13:15:50,884 - INFO - Memory usage increased
2026-05-30 13:29:59,902 - INFO - Application running normally
2026-05-30 13:30:00,994 - INFO - Database latency detected
2026-05-30 14:51:47,803 - INFO - CPU spike warning
